<?xml version="1.0" encoding="UTF-8"?>
<!-- Generated by org.testng.reporters.JUnitXMLReporter -->
<testsuite ignored="2" hostname="DESKTOP-D5D6SNP" failures="2" tests="2" name="Test" time="0.282" errors="0" timestamp="2022-02-27T23:30:09 GMT-08:00">
  <testcase classname="GroupBy_Annotation_Methods.GrouBy_annotation_Methods" name="Amazon" time="0.033">
    <failure type="java.lang.NullPointerException" message="Cannot invoke &amp;quot;org.openqa.selenium.WebDriver.get(String)&amp;quot; because &amp;quot;this.driver&amp;quot; is null">
      <![CDATA[java.lang.NullPointerException: Cannot invoke "org.openqa.selenium.WebDriver.get(String)" because "this.driver" is null
at GroupBy_Annotation_Methods.GrouBy_annotation_Methods.Amazon(GrouBy_annotation_Methods.java:61)
at java.base/java.util.ArrayList.forEach(ArrayList.java:1511)
... Removed 27 stack frames]]>
    </failure>
  </testcase> <!-- Amazon -->
  <testcase classname="GroupBy_Annotation_Methods.GrouBy_annotation_Methods" name="Flipkart" time="0.006">
    <failure type="java.lang.NullPointerException" message="Cannot invoke &amp;quot;org.openqa.selenium.WebDriver.get(String)&amp;quot; because &amp;quot;this.driver&amp;quot; is null">
      <![CDATA[java.lang.NullPointerException: Cannot invoke "org.openqa.selenium.WebDriver.get(String)" because "this.driver" is null
at GroupBy_Annotation_Methods.GrouBy_annotation_Methods.Flipkart(GrouBy_annotation_Methods.java:70)
at java.base/java.util.ArrayList.forEach(ArrayList.java:1511)
... Removed 27 stack frames]]>
    </failure>
  </testcase> <!-- Flipkart -->
  <testcase classname="GroupBy_Annotation_Methods.GrouBy_annotation_Methods" name="snapdeal" time="0.0">
    <ignored/>
  </testcase> <!-- snapdeal -->
  <testcase classname="GroupBy_Annotation_Methods.GrouBy_annotation_Methods" name="Meesho" time="0.0">
    <ignored/>
  </testcase> <!-- Meesho -->
</testsuite> <!-- Test -->
