<?xml version="1.0" encoding="UTF-8"?>
<testng-results ignored="0" total="4" passed="4" failed="0" skipped="0">
  <reporter-output>
  </reporter-output>
  <suite started-at="2022-02-27T23:09:05 GMT-08:00" name="Default suite" finished-at="2022-02-27T23:09:43 GMT-08:00" duration-ms="37903">
    <groups>
      <group name="demo1">
        <method signature="GrouBy_annotation_Methods.Amazon()[pri:0, instance:GroupBy_Annotation_Methods.GrouBy_annotation_Methods@3d74bf60]" name="Amazon" class="GroupBy_Annotation_Methods.GrouBy_annotation_Methods"/>
        <method signature="GrouBy_annotation_Methods.Flipkart()[pri:0, instance:GroupBy_Annotation_Methods.GrouBy_annotation_Methods@3d74bf60]" name="Flipkart" class="GroupBy_Annotation_Methods.GrouBy_annotation_Methods"/>
      </group> <!-- demo1 -->
      <group name="demo2">
        <method signature="GrouBy_annotation_Methods.Meesho()[pri:0, instance:GroupBy_Annotation_Methods.GrouBy_annotation_Methods@3d74bf60]" name="Meesho" class="GroupBy_Annotation_Methods.GrouBy_annotation_Methods"/>
        <method signature="GrouBy_annotation_Methods.snapdeal()[pri:0, instance:GroupBy_Annotation_Methods.GrouBy_annotation_Methods@3d74bf60]" name="snapdeal" class="GroupBy_Annotation_Methods.GrouBy_annotation_Methods"/>
      </group> <!-- demo2 -->
    </groups>
    <test started-at="2022-02-27T23:09:05 GMT-08:00" name="Default test" finished-at="2022-02-27T23:09:43 GMT-08:00" duration-ms="37903">
      <class name="GroupBy_Annotation_Methods.GrouBy_annotation_Methods">
        <test-method is-config="true" signature="openbrowser()[pri:0, instance:GroupBy_Annotation_Methods.GrouBy_annotation_Methods@3d74bf60]" started-at="2022-02-27T23:08:57 GMT-08:00" name="openbrowser" finished-at="2022-02-27T23:09:05 GMT-08:00" duration-ms="8162" status="PASS">
          <reporter-output>
          </reporter-output>
        </test-method> <!-- openbrowser -->
        <test-method is-config="true" signature="EnterURL()[pri:0, instance:GroupBy_Annotation_Methods.GrouBy_annotation_Methods@3d74bf60]" started-at="2022-02-27T23:09:05 GMT-08:00" name="EnterURL" finished-at="2022-02-27T23:09:05 GMT-08:00" duration-ms="6" status="PASS">
          <reporter-output>
          </reporter-output>
        </test-method> <!-- EnterURL -->
        <test-method is-config="true" signature="MaxBrowser()[pri:0, instance:GroupBy_Annotation_Methods.GrouBy_annotation_Methods@3d74bf60]" started-at="2022-02-27T23:09:05 GMT-08:00" name="MaxBrowser" finished-at="2022-02-27T23:09:05 GMT-08:00" duration-ms="252" status="PASS">
          <reporter-output>
          </reporter-output>
        </test-method> <!-- MaxBrowser -->
        <test-method is-config="true" signature="GetCookies()[pri:0, instance:GroupBy_Annotation_Methods.GrouBy_annotation_Methods@3d74bf60]" started-at="2022-02-27T23:09:05 GMT-08:00" name="GetCookies" finished-at="2022-02-27T23:09:05 GMT-08:00" duration-ms="4" status="PASS">
          <reporter-output>
          </reporter-output>
        </test-method> <!-- GetCookies -->
        <test-method signature="Amazon()[pri:0, instance:GroupBy_Annotation_Methods.GrouBy_annotation_Methods@3d74bf60]" started-at="2022-02-27T23:09:05 GMT-08:00" name="Amazon" finished-at="2022-02-27T23:09:19 GMT-08:00" duration-ms="13941" status="PASS">
          <reporter-output>
          </reporter-output>
        </test-method> <!-- Amazon -->
        <test-method is-config="true" signature="GetScreenshot()[pri:0, instance:GroupBy_Annotation_Methods.GrouBy_annotation_Methods@3d74bf60]" started-at="2022-02-27T23:09:19 GMT-08:00" name="GetScreenshot" finished-at="2022-02-27T23:09:20 GMT-08:00" duration-ms="1076" status="PASS">
          <reporter-output>
          </reporter-output>
        </test-method> <!-- GetScreenshot -->
        <test-method is-config="true" signature="GetCookies()[pri:0, instance:GroupBy_Annotation_Methods.GrouBy_annotation_Methods@3d74bf60]" started-at="2022-02-27T23:09:20 GMT-08:00" name="GetCookies" finished-at="2022-02-27T23:09:20 GMT-08:00" duration-ms="2" status="PASS">
          <reporter-output>
          </reporter-output>
        </test-method> <!-- GetCookies -->
        <test-method signature="Flipkart()[pri:0, instance:GroupBy_Annotation_Methods.GrouBy_annotation_Methods@3d74bf60]" started-at="2022-02-27T23:09:20 GMT-08:00" name="Flipkart" finished-at="2022-02-27T23:09:27 GMT-08:00" duration-ms="7096" status="PASS">
          <reporter-output>
          </reporter-output>
        </test-method> <!-- Flipkart -->
        <test-method is-config="true" signature="GetScreenshot()[pri:0, instance:GroupBy_Annotation_Methods.GrouBy_annotation_Methods@3d74bf60]" started-at="2022-02-27T23:09:27 GMT-08:00" name="GetScreenshot" finished-at="2022-02-27T23:09:28 GMT-08:00" duration-ms="877" status="PASS">
          <reporter-output>
          </reporter-output>
        </test-method> <!-- GetScreenshot -->
        <test-method is-config="true" signature="GetCookies()[pri:0, instance:GroupBy_Annotation_Methods.GrouBy_annotation_Methods@3d74bf60]" started-at="2022-02-27T23:09:28 GMT-08:00" name="GetCookies" finished-at="2022-02-27T23:09:28 GMT-08:00" duration-ms="1" status="PASS">
          <reporter-output>
          </reporter-output>
        </test-method> <!-- GetCookies -->
        <test-method signature="Meesho()[pri:0, instance:GroupBy_Annotation_Methods.GrouBy_annotation_Methods@3d74bf60]" started-at="2022-02-27T23:09:28 GMT-08:00" name="Meesho" finished-at="2022-02-27T23:09:36 GMT-08:00" duration-ms="8126" status="PASS">
          <reporter-output>
          </reporter-output>
        </test-method> <!-- Meesho -->
        <test-method is-config="true" signature="GetScreenshot()[pri:0, instance:GroupBy_Annotation_Methods.GrouBy_annotation_Methods@3d74bf60]" started-at="2022-02-27T23:09:36 GMT-08:00" name="GetScreenshot" finished-at="2022-02-27T23:09:38 GMT-08:00" duration-ms="1164" status="PASS">
          <reporter-output>
          </reporter-output>
        </test-method> <!-- GetScreenshot -->
        <test-method is-config="true" signature="GetCookies()[pri:0, instance:GroupBy_Annotation_Methods.GrouBy_annotation_Methods@3d74bf60]" started-at="2022-02-27T23:09:38 GMT-08:00" name="GetCookies" finished-at="2022-02-27T23:09:38 GMT-08:00" duration-ms="1" status="PASS">
          <reporter-output>
          </reporter-output>
        </test-method> <!-- GetCookies -->
        <test-method signature="snapdeal()[pri:0, instance:GroupBy_Annotation_Methods.GrouBy_annotation_Methods@3d74bf60]" started-at="2022-02-27T23:09:38 GMT-08:00" name="snapdeal" finished-at="2022-02-27T23:09:42 GMT-08:00" duration-ms="4873" status="PASS">
          <reporter-output>
          </reporter-output>
        </test-method> <!-- snapdeal -->
        <test-method is-config="true" signature="GetScreenshot()[pri:0, instance:GroupBy_Annotation_Methods.GrouBy_annotation_Methods@3d74bf60]" started-at="2022-02-27T23:09:43 GMT-08:00" name="GetScreenshot" finished-at="2022-02-27T23:09:43 GMT-08:00" duration-ms="173" status="FAIL">
          <exception class="org.openqa.selenium.NoSuchWindowException">
            <message>
              <![CDATA[no such window: target window already closed
from unknown error: web view not found
  (Session info: chrome=98.0.4758.102)
Build info: version: '4.0.0-alpha-2', revision: 'f148142cf8', time: '2019-07-01T20:55:26'
System info: host: 'DESKTOP-D5D6SNP', ip: '192.168.43.19', os.name: 'Windows 10', os.arch: 'amd64', os.version: '10.0', java.version: '17.0.2'
Driver info: org.openqa.selenium.chrome.ChromeDriver
Capabilities {acceptInsecureCerts: false, browserName: chrome, browserVersion: 98.0.4758.102, chrome: {chromedriverVersion: 98.0.4758.102 (273bf7ac8c90..., userDataDir: C:\Users\ADMINI~1\AppData\L...}, goog:chromeOptions: {debuggerAddress: localhost:64357}, javascriptEnabled: true, networkConnectionEnabled: false, pageLoadStrategy: normal, platform: WINDOWS, platformName: WINDOWS, proxy: Proxy(), setWindowRect: true, strictFileInteractability: false, timeouts: {implicit: 0, pageLoad: 300000, script: 30000}, unhandledPromptBehavior: dismiss and notify, webauthn:extension:credBlob: true, webauthn:extension:largeBlob: true, webauthn:virtualAuthenticators: true}
Session ID: 628e59331bfaa3a4ac691c4c14667dea]]>
            </message>
            <full-stacktrace>
              <![CDATA[org.openqa.selenium.NoSuchWindowException: no such window: target window already closed
from unknown error: web view not found
  (Session info: chrome=98.0.4758.102)
Build info: version: '4.0.0-alpha-2', revision: 'f148142cf8', time: '2019-07-01T20:55:26'
System info: host: 'DESKTOP-D5D6SNP', ip: '192.168.43.19', os.name: 'Windows 10', os.arch: 'amd64', os.version: '10.0', java.version: '17.0.2'
Driver info: org.openqa.selenium.chrome.ChromeDriver
Capabilities {acceptInsecureCerts: false, browserName: chrome, browserVersion: 98.0.4758.102, chrome: {chromedriverVersion: 98.0.4758.102 (273bf7ac8c90..., userDataDir: C:\Users\ADMINI~1\AppData\L...}, goog:chromeOptions: {debuggerAddress: localhost:64357}, javascriptEnabled: true, networkConnectionEnabled: false, pageLoadStrategy: normal, platform: WINDOWS, platformName: WINDOWS, proxy: Proxy(), setWindowRect: true, strictFileInteractability: false, timeouts: {implicit: 0, pageLoad: 300000, script: 30000}, unhandledPromptBehavior: dismiss and notify, webauthn:extension:credBlob: true, webauthn:extension:largeBlob: true, webauthn:virtualAuthenticators: true}
Session ID: 628e59331bfaa3a4ac691c4c14667dea
at java.base/jdk.internal.reflect.NativeConstructorAccessorImpl.newInstance0(Native Method)
at java.base/jdk.internal.reflect.NativeConstructorAccessorImpl.newInstance(NativeConstructorAccessorImpl.java:77)
at java.base/jdk.internal.reflect.DelegatingConstructorAccessorImpl.newInstance(DelegatingConstructorAccessorImpl.java:45)
at java.base/java.lang.reflect.Constructor.newInstanceWithCaller(Constructor.java:499)
at java.base/java.lang.reflect.Constructor.newInstance(Constructor.java:480)
at org.openqa.selenium.remote.codec.w3c.W3CHttpResponseCodec.createException(W3CHttpResponseCodec.java:191)
at org.openqa.selenium.remote.codec.w3c.W3CHttpResponseCodec.decode(W3CHttpResponseCodec.java:125)
at org.openqa.selenium.remote.codec.w3c.W3CHttpResponseCodec.decode(W3CHttpResponseCodec.java:52)
at org.openqa.selenium.remote.HttpCommandExecutor.execute(HttpCommandExecutor.java:161)
at org.openqa.selenium.remote.service.DriverCommandExecutor.execute(DriverCommandExecutor.java:83)
at org.openqa.selenium.remote.RemoteWebDriver.execute(RemoteWebDriver.java:576)
at org.openqa.selenium.remote.RemoteWebDriver.execute(RemoteWebDriver.java:633)
at org.openqa.selenium.remote.RemoteWebDriver.execute(RemoteWebDriver.java:637)
at org.openqa.selenium.remote.RemoteWebDriver.getScreenshotAs(RemoteWebDriver.java:297)
at GroupBy_Annotation_Methods.GrouBy_annotation_Methods.GetScreenshot(GrouBy_annotation_Methods.java:91)
at java.base/jdk.internal.reflect.NativeMethodAccessorImpl.invoke0(Native Method)
at java.base/jdk.internal.reflect.NativeMethodAccessorImpl.invoke(NativeMethodAccessorImpl.java:77)
at java.base/jdk.internal.reflect.DelegatingMethodAccessorImpl.invoke(DelegatingMethodAccessorImpl.java:43)
at java.base/java.lang.reflect.Method.invoke(Method.java:568)
at org.testng.internal.MethodInvocationHelper.invokeMethod(MethodInvocationHelper.java:133)
at org.testng.internal.MethodInvocationHelper.invokeMethodConsideringTimeout(MethodInvocationHelper.java:62)
at org.testng.internal.ConfigInvoker.invokeConfigurationMethod(ConfigInvoker.java:385)
at org.testng.internal.ConfigInvoker.invokeConfigurations(ConfigInvoker.java:321)
at org.testng.internal.TestInvoker.runConfigMethods(TestInvoker.java:700)
at org.testng.internal.TestInvoker.runAfterGroupsConfigurations(TestInvoker.java:676)
at org.testng.internal.TestInvoker.invokeMethod(TestInvoker.java:660)
at org.testng.internal.TestInvoker.invokeTestMethod(TestInvoker.java:173)
at org.testng.internal.MethodRunner.runInSequence(MethodRunner.java:46)
at org.testng.internal.TestInvoker$MethodInvocationAgent.invoke(TestInvoker.java:824)
at org.testng.internal.TestInvoker.invokeTestMethods(TestInvoker.java:146)
at org.testng.internal.TestMethodWorker.invokeTestMethods(TestMethodWorker.java:146)
at org.testng.internal.TestMethodWorker.run(TestMethodWorker.java:128)
at java.base/java.util.ArrayList.forEach(ArrayList.java:1511)
at org.testng.TestRunner.privateRun(TestRunner.java:794)
at org.testng.TestRunner.run(TestRunner.java:596)
at org.testng.SuiteRunner.runTest(SuiteRunner.java:377)
at org.testng.SuiteRunner.runSequentially(SuiteRunner.java:371)
at org.testng.SuiteRunner.privateRun(SuiteRunner.java:332)
at org.testng.SuiteRunner.run(SuiteRunner.java:276)
at org.testng.SuiteRunnerWorker.runSuite(SuiteRunnerWorker.java:53)
at org.testng.SuiteRunnerWorker.run(SuiteRunnerWorker.java:96)
at org.testng.TestNG.runSuitesSequentially(TestNG.java:1212)
at org.testng.TestNG.runSuitesLocally(TestNG.java:1134)
at org.testng.TestNG.runSuites(TestNG.java:1063)
at org.testng.TestNG.run(TestNG.java:1031)
at org.testng.remote.AbstractRemoteTestNG.run(AbstractRemoteTestNG.java:115)
at org.testng.remote.RemoteTestNG.initAndRun(RemoteTestNG.java:251)
at org.testng.remote.RemoteTestNG.main(RemoteTestNG.java:77)
]]>
            </full-stacktrace>
          </exception> <!-- org.openqa.selenium.NoSuchWindowException -->
          <reporter-output>
          </reporter-output>
        </test-method> <!-- GetScreenshot -->
        <test-method is-config="true" signature="DeleteCookies()[pri:0, instance:GroupBy_Annotation_Methods.GrouBy_annotation_Methods@3d74bf60]" started-at="2022-02-27T23:09:43 GMT-08:00" name="DeleteCookies" finished-at="1969-12-31T16:00:00 GMT-08:00" duration-ms="-1646032183267" status="SKIP">
          <reporter-output>
          </reporter-output>
        </test-method> <!-- DeleteCookies -->
        <test-method is-config="true" signature="DBConnectionclosed()[pri:0, instance:GroupBy_Annotation_Methods.GrouBy_annotation_Methods@3d74bf60]" started-at="2022-02-27T23:09:43 GMT-08:00" name="DBConnectionclosed" finished-at="1969-12-31T16:00:00 GMT-08:00" duration-ms="-1646032183286" status="SKIP">
          <reporter-output>
          </reporter-output>
        </test-method> <!-- DBConnectionclosed -->
        <test-method is-config="true" signature="Close()[pri:0, instance:GroupBy_Annotation_Methods.GrouBy_annotation_Methods@3d74bf60]" started-at="2022-02-27T23:09:43 GMT-08:00" name="Close" finished-at="1969-12-31T16:00:00 GMT-08:00" duration-ms="-1646032183681" status="SKIP">
          <reporter-output>
          </reporter-output>
        </test-method> <!-- Close -->
      </class> <!-- GroupBy_Annotation_Methods.GrouBy_annotation_Methods -->
    </test> <!-- Default test -->
  </suite> <!-- Default suite -->
</testng-results>
